--- Copying files at Sat Dec  7 09:54:00 UTC 2024
--- Copied files finished at Sat Dec  7 09:54:01 UTC 2024
--- Copying files at Tue Dec 10 16:05:02 UTC 2024
--- Copied files finished at Tue Dec 10 16:05:02 UTC 2024
--- Copying files at Tue Dec 10 16:07:40 UTC 2024
--- Copied files finished at Tue Dec 10 16:07:41 UTC 2024
--- Copying files at Tue Dec 10 16:13:31 UTC 2024
--- Copied files finished at Tue Dec 10 16:13:31 UTC 2024
--- Copying files at Tue Dec 10 16:59:11 UTC 2024
--- Copied files finished at Tue Dec 10 16:59:11 UTC 2024
--- Copying files at Tue Dec 10 17:10:00 UTC 2024
--- Copied files finished at Tue Dec 10 17:10:00 UTC 2024
--- Copying files at Tue Dec 10 17:20:21 UTC 2024
--- Copied files finished at Tue Dec 10 17:20:21 UTC 2024
--- Copying files at Tue Dec 10 17:26:50 UTC 2024
--- Copied files finished at Tue Dec 10 17:26:50 UTC 2024
--- Copying files at Tue Dec 10 17:37:36 UTC 2024
--- Copied files finished at Tue Dec 10 17:37:36 UTC 2024
--- Copying files at Tue Dec 10 17:39:40 UTC 2024
--- Copied files finished at Tue Dec 10 17:39:40 UTC 2024
--- Copying files at Tue Dec 10 17:49:35 UTC 2024
--- Copied files finished at Tue Dec 10 17:49:35 UTC 2024
--- Copying files at Tue Dec 10 17:52:32 UTC 2024
--- Copied files finished at Tue Dec 10 17:52:32 UTC 2024
--- Copying files at Tue Dec 10 17:53:03 UTC 2024
--- Copied files finished at Tue Dec 10 17:53:03 UTC 2024
--- Copying files at Wed Dec 11 02:26:14 UTC 2024
--- Copied files finished at Wed Dec 11 02:26:14 UTC 2024
--- Copying files at Wed Dec 11 02:41:20 UTC 2024
--- Copied files finished at Wed Dec 11 02:41:20 UTC 2024
--- Copying files at Wed Dec 11 08:12:24 UTC 2024
--- Copied files finished at Wed Dec 11 08:12:24 UTC 2024
--- Copying files at Wed Dec 11 08:12:24 UTC 2024
--- Copied files finished at Wed Dec 11 08:12:24 UTC 2024
--- Copying files at Wed Dec 11 09:24:47 UTC 2024
--- Copying files at Wed Dec 11 09:24:47 UTC 2024
--- Copied files finished at Wed Dec 11 09:24:47 UTC 2024
--- Copied files finished at Wed Dec 11 09:24:47 UTC 2024
--- Copying files at Wed Dec 11 09:27:56 UTC 2024
--- Copied files finished at Wed Dec 11 09:27:56 UTC 2024
--- Copying files at Wed Dec 11 09:27:56 UTC 2024
--- Copied files finished at Wed Dec 11 09:27:56 UTC 2024
--- Copying files at Wed Dec 11 09:34:07 UTC 2024
--- Copied files finished at Wed Dec 11 09:34:07 UTC 2024
--- Copying files at Wed Dec 11 09:34:07 UTC 2024
--- Copied files finished at Wed Dec 11 09:34:07 UTC 2024
--- Copying files at Wed Dec 11 09:35:45 UTC 2024
--- Copying files at Wed Dec 11 09:35:45 UTC 2024
--- Copied files finished at Wed Dec 11 09:35:45 UTC 2024
--- Copied files finished at Wed Dec 11 09:35:45 UTC 2024
--- Copying files at Wed Dec 11 09:38:26 UTC 2024
--- Copying files at Wed Dec 11 09:38:26 UTC 2024
--- Copied files finished at Wed Dec 11 09:38:26 UTC 2024
--- Copied files finished at Wed Dec 11 09:38:26 UTC 2024
--- Copying files at Wed Dec 11 09:39:54 UTC 2024
--- Copied files finished at Wed Dec 11 09:39:54 UTC 2024
--- Copying files at Wed Dec 11 09:39:54 UTC 2024
--- Copied files finished at Wed Dec 11 09:39:54 UTC 2024
--- Copying files at Wed Dec 11 10:12:44 UTC 2024
--- Copying files at Wed Dec 11 10:12:44 UTC 2024
--- Copied files finished at Wed Dec 11 10:12:44 UTC 2024
--- Copied files finished at Wed Dec 11 10:12:44 UTC 2024
--- Copying files at Wed Dec 11 10:22:38 UTC 2024
--- Copying files at Wed Dec 11 10:22:38 UTC 2024
--- Copied files finished at Wed Dec 11 10:22:38 UTC 2024
--- Copied files finished at Wed Dec 11 10:22:38 UTC 2024
--- Copying files at Thu Dec 12 16:31:33 UTC 2024
--- Copied files finished at Thu Dec 12 16:31:33 UTC 2024
--- Copying files at Thu Dec 12 16:31:33 UTC 2024
--- Copied files finished at Thu Dec 12 16:31:33 UTC 2024
--- Copying files at Thu Dec 12 17:22:18 UTC 2024
--- Copying files at Thu Dec 12 17:22:18 UTC 2024
--- Copied files finished at Thu Dec 12 17:22:18 UTC 2024
--- Copied files finished at Thu Dec 12 17:22:18 UTC 2024
--- Copying files at Thu Dec 12 17:25:46 UTC 2024
--- Copied files finished at Thu Dec 12 17:25:46 UTC 2024
--- Copying files at Thu Dec 12 17:25:46 UTC 2024
--- Copied files finished at Thu Dec 12 17:25:46 UTC 2024
--- Copying files at Thu Dec 12 17:30:59 UTC 2024
--- Copying files at Thu Dec 12 17:30:59 UTC 2024
--- Copied files finished at Thu Dec 12 17:30:59 UTC 2024
--- Copied files finished at Thu Dec 12 17:30:59 UTC 2024
--- Copying files at Thu Dec 12 17:33:42 UTC 2024
--- Copied files finished at Thu Dec 12 17:33:42 UTC 2024
--- Copying files at Thu Dec 12 17:33:42 UTC 2024
--- Copied files finished at Thu Dec 12 17:33:42 UTC 2024
--- Copying files at Thu Dec 12 17:51:50 UTC 2024
--- Copied files finished at Thu Dec 12 17:51:50 UTC 2024
--- Copying files at Thu Dec 12 17:51:50 UTC 2024
--- Copied files finished at Thu Dec 12 17:51:51 UTC 2024
--- Copying files at Thu Dec 12 17:55:57 UTC 2024
--- Copying files at Thu Dec 12 17:55:57 UTC 2024
--- Copied files finished at Thu Dec 12 17:55:57 UTC 2024
--- Copied files finished at Thu Dec 12 17:55:57 UTC 2024
--- Copying files at Thu Dec 12 17:58:56 UTC 2024
--- Copying files at Thu Dec 12 17:58:56 UTC 2024
--- Copied files finished at Thu Dec 12 17:58:56 UTC 2024
--- Copied files finished at Thu Dec 12 17:58:56 UTC 2024
--- Copying files at Thu Dec 12 18:01:28 UTC 2024
--- Copied files finished at Thu Dec 12 18:01:28 UTC 2024
--- Copying files at Thu Dec 12 18:01:28 UTC 2024
--- Copied files finished at Thu Dec 12 18:01:28 UTC 2024
--- Copying files at Thu Dec 12 18:17:48 UTC 2024
--- Copied files finished at Thu Dec 12 18:17:48 UTC 2024
--- Copying files at Thu Dec 12 18:18:04 UTC 2024
--- Copied files finished at Thu Dec 12 18:18:04 UTC 2024
--- Copying files at Thu Dec 12 18:19:40 UTC 2024
--- Copied files finished at Thu Dec 12 18:19:40 UTC 2024
--- Copying files at Thu Dec 12 18:19:40 UTC 2024
--- Copied files finished at Thu Dec 12 18:19:40 UTC 2024
--- Copying files at Fri Dec 13 08:18:59 UTC 2024
--- Copying files at Fri Dec 13 08:18:59 UTC 2024
--- Copied files finished at Fri Dec 13 08:18:59 UTC 2024
--- Copied files finished at Fri Dec 13 08:18:59 UTC 2024
--- Copying files at Fri Dec 13 08:34:55 UTC 2024
--- Copying files at Fri Dec 13 08:34:55 UTC 2024
--- Copied files finished at Fri Dec 13 08:34:55 UTC 2024
--- Copied files finished at Fri Dec 13 08:34:55 UTC 2024
--- Copying files at Fri Dec 13 08:37:31 UTC 2024
--- Copying files at Fri Dec 13 08:37:31 UTC 2024
--- Copied files finished at Fri Dec 13 08:37:31 UTC 2024
--- Copied files finished at Fri Dec 13 08:37:31 UTC 2024
--- Copying files at Fri Dec 13 08:40:26 UTC 2024
--- Copied files finished at Fri Dec 13 08:40:26 UTC 2024
--- Copying files at Fri Dec 13 08:40:27 UTC 2024
--- Copied files finished at Fri Dec 13 08:40:27 UTC 2024
--- Copying files at Fri Dec 13 08:54:38 UTC 2024
--- Copying files at Fri Dec 13 08:54:38 UTC 2024
--- Copied files finished at Fri Dec 13 08:54:38 UTC 2024
--- Copied files finished at Fri Dec 13 08:54:38 UTC 2024
--- Copying files at Fri Dec 13 09:16:10 UTC 2024
--- Copying files at Fri Dec 13 09:16:10 UTC 2024
--- Copied files finished at Fri Dec 13 09:16:10 UTC 2024
--- Copied files finished at Fri Dec 13 09:16:10 UTC 2024
--- Copying files at Fri Dec 13 09:31:27 UTC 2024
--- Copied files finished at Fri Dec 13 09:31:27 UTC 2024
--- Copying files at Fri Dec 13 09:31:27 UTC 2024
--- Copied files finished at Fri Dec 13 09:31:27 UTC 2024
--- Copying files at Fri Dec 13 09:35:32 UTC 2024
--- Copying files at Fri Dec 13 09:35:32 UTC 2024
--- Copied files finished at Fri Dec 13 09:35:32 UTC 2024
--- Copied files finished at Fri Dec 13 09:35:32 UTC 2024
--- Copying files at Fri Dec 13 10:20:04 UTC 2024
--- Copied files finished at Fri Dec 13 10:20:04 UTC 2024
--- Copying files at Fri Dec 13 10:20:06 UTC 2024
--- Copied files finished at Fri Dec 13 10:20:06 UTC 2024
--- Copying files at Fri Dec 13 10:30:55 UTC 2024
--- Copied files finished at Fri Dec 13 10:30:55 UTC 2024
--- Copying files at Fri Dec 13 10:30:55 UTC 2024
--- Copied files finished at Fri Dec 13 10:30:55 UTC 2024
--- Copying files at Fri Dec 13 11:02:48 UTC 2024
--- Copying files at Fri Dec 13 11:02:48 UTC 2024
--- Copied files finished at Fri Dec 13 11:02:48 UTC 2024
--- Copied files finished at Fri Dec 13 11:02:48 UTC 2024
--- Copying files at Fri Dec 13 11:06:41 UTC 2024
--- Copied files finished at Fri Dec 13 11:06:41 UTC 2024
--- Copying files at Fri Dec 13 11:06:41 UTC 2024
--- Copied files finished at Fri Dec 13 11:06:41 UTC 2024
--- Copying files at Fri Dec 13 14:12:45 UTC 2024
--- Copying files at Fri Dec 13 14:12:45 UTC 2024
--- Copied files finished at Fri Dec 13 14:12:45 UTC 2024
--- Copied files finished at Fri Dec 13 14:12:45 UTC 2024
--- Copying files at Fri Dec 13 14:20:44 UTC 2024
--- Copying files at Fri Dec 13 14:20:44 UTC 2024
--- Copied files finished at Fri Dec 13 14:20:44 UTC 2024
--- Copied files finished at Fri Dec 13 14:20:44 UTC 2024
--- Copying files at Fri Dec 13 14:30:20 UTC 2024
--- Copying files at Fri Dec 13 14:30:20 UTC 2024
--- Copied files finished at Fri Dec 13 14:30:20 UTC 2024
--- Copied files finished at Fri Dec 13 14:30:20 UTC 2024
--- Copying files at Fri Dec 13 14:33:23 UTC 2024
--- Copied files finished at Fri Dec 13 14:33:23 UTC 2024
--- Copying files at Fri Dec 13 14:34:54 UTC 2024
--- Copied files finished at Fri Dec 13 14:34:54 UTC 2024
--- Copying files at Fri Dec 13 14:34:55 UTC 2024
--- Copied files finished at Fri Dec 13 14:34:55 UTC 2024
--- Copying files at Fri Dec 13 14:39:22 UTC 2024
--- Copying files at Fri Dec 13 14:39:22 UTC 2024
--- Copied files finished at Fri Dec 13 14:39:22 UTC 2024
--- Copied files finished at Fri Dec 13 14:39:22 UTC 2024
--- Copying files at Fri Dec 13 15:07:50 UTC 2024
--- Copied files finished at Fri Dec 13 15:07:50 UTC 2024
--- Copying files at Fri Dec 13 15:07:51 UTC 2024
--- Copied files finished at Fri Dec 13 15:07:51 UTC 2024
--- Copying files at Fri Dec 13 15:14:00 UTC 2024
--- Copied files finished at Fri Dec 13 15:14:00 UTC 2024
--- Copying files at Fri Dec 13 15:14:00 UTC 2024
--- Copied files finished at Fri Dec 13 15:14:00 UTC 2024
--- Copying files at Fri Dec 13 15:49:03 UTC 2024
--- Copied files finished at Fri Dec 13 15:49:03 UTC 2024
--- Copying files at Fri Dec 13 15:49:03 UTC 2024
--- Copied files finished at Fri Dec 13 15:49:03 UTC 2024
--- Copying files at Fri Dec 13 15:56:58 UTC 2024
--- Copying files at Fri Dec 13 15:56:58 UTC 2024
--- Copied files finished at Fri Dec 13 15:56:58 UTC 2024
--- Copied files finished at Fri Dec 13 15:56:58 UTC 2024
--- Copying files at Fri Dec 13 15:59:50 UTC 2024
--- Copied files finished at Fri Dec 13 15:59:50 UTC 2024
--- Copying files at Fri Dec 13 15:59:50 UTC 2024
--- Copied files finished at Fri Dec 13 15:59:50 UTC 2024
--- Copying files at Fri Dec 13 16:03:09 UTC 2024
--- Copied files finished at Fri Dec 13 16:03:09 UTC 2024
--- Copying files at Fri Dec 13 16:03:09 UTC 2024
--- Copied files finished at Fri Dec 13 16:03:09 UTC 2024
--- Copying files at Fri Dec 13 16:10:15 UTC 2024
--- Copied files finished at Fri Dec 13 16:10:15 UTC 2024
--- Copying files at Fri Dec 13 16:10:16 UTC 2024
--- Copied files finished at Fri Dec 13 16:10:16 UTC 2024
--- Copying files at Fri Dec 13 16:16:54 UTC 2024
--- Copying files at Fri Dec 13 16:16:54 UTC 2024
--- Copied files finished at Fri Dec 13 16:16:54 UTC 2024
--- Copied files finished at Fri Dec 13 16:16:54 UTC 2024
--- Copying files at Fri Dec 13 16:27:37 UTC 2024
--- Copied files finished at Fri Dec 13 16:27:37 UTC 2024
--- Copying files at Fri Dec 13 16:35:13 UTC 2024
--- Copied files finished at Fri Dec 13 16:35:13 UTC 2024
--- Copying files at Fri Dec 13 16:35:13 UTC 2024
--- Copied files finished at Fri Dec 13 16:35:13 UTC 2024
--- Copying files at Fri Dec 13 16:39:18 UTC 2024
--- Copied files finished at Fri Dec 13 16:39:18 UTC 2024
--- Copying files at Fri Dec 13 16:39:18 UTC 2024
--- Copied files finished at Fri Dec 13 16:39:18 UTC 2024
--- Copying files at Fri Dec 13 16:50:06 UTC 2024
--- Copying files at Fri Dec 13 16:50:06 UTC 2024
--- Copied files finished at Fri Dec 13 16:50:06 UTC 2024
--- Copied files finished at Fri Dec 13 16:50:06 UTC 2024
--- Copying files at Fri Dec 13 17:05:11 UTC 2024
--- Copying files at Fri Dec 13 17:05:11 UTC 2024
--- Copied files finished at Fri Dec 13 17:05:11 UTC 2024
--- Copied files finished at Fri Dec 13 17:05:11 UTC 2024
--- Copying files at Fri Dec 13 17:13:01 UTC 2024
--- Copied files finished at Fri Dec 13 17:13:01 UTC 2024
--- Copying files at Fri Dec 13 17:13:01 UTC 2024
--- Copied files finished at Fri Dec 13 17:13:01 UTC 2024
--- Copying files at Fri Dec 13 17:15:38 UTC 2024
--- Copied files finished at Fri Dec 13 17:15:38 UTC 2024
--- Copying files at Fri Dec 13 17:15:38 UTC 2024
--- Copied files finished at Fri Dec 13 17:15:38 UTC 2024
--- Copying files at Fri Dec 13 17:18:21 UTC 2024
--- Copying files at Fri Dec 13 17:18:21 UTC 2024
--- Copied files finished at Fri Dec 13 17:18:21 UTC 2024
--- Copied files finished at Fri Dec 13 17:18:21 UTC 2024
--- Copying files at Fri Dec 13 17:32:42 UTC 2024
--- Copying files at Fri Dec 13 17:32:42 UTC 2024
--- Copied files finished at Fri Dec 13 17:32:42 UTC 2024
--- Copied files finished at Fri Dec 13 17:32:42 UTC 2024
--- Copying files at Fri Dec 13 17:38:22 UTC 2024
--- Copied files finished at Fri Dec 13 17:38:22 UTC 2024
--- Copying files at Fri Dec 13 17:38:22 UTC 2024
--- Copied files finished at Fri Dec 13 17:38:22 UTC 2024
--- Copying files at Fri Dec 13 17:40:47 UTC 2024
--- Copied files finished at Fri Dec 13 17:40:47 UTC 2024
--- Copying files at Fri Dec 13 17:40:47 UTC 2024
--- Copied files finished at Fri Dec 13 17:40:47 UTC 2024
--- Copying files at Fri Dec 13 17:45:18 UTC 2024
--- Copying files at Fri Dec 13 17:45:18 UTC 2024
--- Copied files finished at Fri Dec 13 17:45:18 UTC 2024
--- Copied files finished at Fri Dec 13 17:45:18 UTC 2024
--- Copying files at Sat Dec 14 02:32:08 UTC 2024
--- Copying files at Sat Dec 14 02:32:08 UTC 2024
--- Copied files finished at Sat Dec 14 02:32:08 UTC 2024
--- Copied files finished at Sat Dec 14 02:32:08 UTC 2024
--- Copying files at Sat Dec 14 02:36:33 UTC 2024
--- Copied files finished at Sat Dec 14 02:36:33 UTC 2024
--- Copying files at Sat Dec 14 02:36:34 UTC 2024
--- Copied files finished at Sat Dec 14 02:36:34 UTC 2024
--- Copying files at Sat Dec 14 02:43:16 UTC 2024
--- Copying files at Sat Dec 14 02:43:16 UTC 2024
--- Copied files finished at Sat Dec 14 02:43:16 UTC 2024
--- Copied files finished at Sat Dec 14 02:43:16 UTC 2024
--- Copying files at Sat Dec 14 02:44:38 UTC 2024
--- Copied files finished at Sat Dec 14 02:44:38 UTC 2024
--- Copying files at Sat Dec 14 02:44:38 UTC 2024
--- Copied files finished at Sat Dec 14 02:44:38 UTC 2024
--- Copying files at Sat Dec 14 02:50:33 UTC 2024
--- Copying files at Sat Dec 14 02:50:33 UTC 2024
--- Copied files finished at Sat Dec 14 02:50:33 UTC 2024
--- Copied files finished at Sat Dec 14 02:50:33 UTC 2024
--- Copying files at Sat Dec 14 03:00:40 UTC 2024
--- Copying files at Sat Dec 14 03:00:40 UTC 2024
--- Copied files finished at Sat Dec 14 03:00:40 UTC 2024
--- Copied files finished at Sat Dec 14 03:00:40 UTC 2024
--- Copying files at Sat Dec 14 03:01:56 UTC 2024
--- Copied files finished at Sat Dec 14 03:01:56 UTC 2024
--- Copying files at Sat Dec 14 03:01:57 UTC 2024
--- Copied files finished at Sat Dec 14 03:01:57 UTC 2024
--- Copying files at Sat Dec 14 03:05:16 UTC 2024
--- Copying files at Sat Dec 14 03:05:16 UTC 2024
--- Copied files finished at Sat Dec 14 03:05:16 UTC 2024
--- Copied files finished at Sat Dec 14 03:05:16 UTC 2024
--- Copying files at Sat Dec 14 03:09:13 UTC 2024
--- Copied files finished at Sat Dec 14 03:09:13 UTC 2024
--- Copying files at Sat Dec 14 03:09:13 UTC 2024
--- Copied files finished at Sat Dec 14 03:09:13 UTC 2024
--- Copying files at Sat Dec 14 04:27:47 UTC 2024
--- Copying files at Sat Dec 14 04:27:47 UTC 2024
--- Copied files finished at Sat Dec 14 04:27:47 UTC 2024
--- Copied files finished at Sat Dec 14 04:27:47 UTC 2024
--- Copying files at Sat Dec 14 04:31:44 UTC 2024
--- Copying files at Sat Dec 14 04:31:44 UTC 2024
--- Copied files finished at Sat Dec 14 04:31:44 UTC 2024
--- Copied files finished at Sat Dec 14 04:31:44 UTC 2024
--- Copying files at Sat Dec 14 04:36:10 UTC 2024
--- Copied files finished at Sat Dec 14 04:36:10 UTC 2024
--- Copying files at Sat Dec 14 04:36:10 UTC 2024
--- Copied files finished at Sat Dec 14 04:36:10 UTC 2024
--- Copying files at Sat Dec 14 04:43:14 UTC 2024
--- Copying files at Sat Dec 14 04:43:14 UTC 2024
--- Copied files finished at Sat Dec 14 04:43:14 UTC 2024
--- Copied files finished at Sat Dec 14 04:43:14 UTC 2024
--- Copying files at Sat Dec 14 04:46:36 UTC 2024
--- Copying files at Sat Dec 14 04:46:36 UTC 2024
--- Copied files finished at Sat Dec 14 04:46:36 UTC 2024
--- Copied files finished at Sat Dec 14 04:46:36 UTC 2024
--- Copying files at Sat Dec 14 04:49:17 UTC 2024
--- Copying files at Sat Dec 14 04:49:17 UTC 2024
--- Copied files finished at Sat Dec 14 04:49:17 UTC 2024
--- Copied files finished at Sat Dec 14 04:49:17 UTC 2024
--- Copying files at Sat Dec 14 05:15:47 UTC 2024
--- Copying files at Sat Dec 14 05:15:47 UTC 2024
--- Copied files finished at Sat Dec 14 05:15:47 UTC 2024
--- Copied files finished at Sat Dec 14 05:15:47 UTC 2024
--- Copying files at Sat Dec 14 05:23:05 UTC 2024
--- Copied files finished at Sat Dec 14 05:23:05 UTC 2024
--- Copying files at Sat Dec 14 05:23:05 UTC 2024
--- Copied files finished at Sat Dec 14 05:23:05 UTC 2024
--- Copying files at Sat Dec 14 05:36:17 UTC 2024
--- Copied files finished at Sat Dec 14 05:36:17 UTC 2024
--- Copying files at Sat Dec 14 05:36:18 UTC 2024
--- Copied files finished at Sat Dec 14 05:36:18 UTC 2024
--- Copying files at Sat Dec 14 05:46:38 UTC 2024
--- Copying files at Sat Dec 14 05:46:38 UTC 2024
--- Copied files finished at Sat Dec 14 05:46:38 UTC 2024
--- Copied files finished at Sat Dec 14 05:46:38 UTC 2024
--- Copying files at Sat Dec 14 05:52:39 UTC 2024
--- Copying files at Sat Dec 14 05:52:39 UTC 2024
--- Copied files finished at Sat Dec 14 05:52:39 UTC 2024
--- Copied files finished at Sat Dec 14 05:52:39 UTC 2024
--- Copying files at Sat Dec 14 05:59:29 UTC 2024
--- Copied files finished at Sat Dec 14 05:59:29 UTC 2024
--- Copying files at Sat Dec 14 05:59:29 UTC 2024
--- Copied files finished at Sat Dec 14 05:59:29 UTC 2024
--- Copying files at Sat Dec 14 06:07:15 UTC 2024
--- Copied files finished at Sat Dec 14 06:07:15 UTC 2024
--- Copying files at Sat Dec 14 06:07:15 UTC 2024
--- Copied files finished at Sat Dec 14 06:07:15 UTC 2024
--- Copying files at Sat Dec 14 06:20:29 UTC 2024
--- Copying files at Sat Dec 14 06:20:29 UTC 2024
--- Copied files finished at Sat Dec 14 06:20:29 UTC 2024
--- Copied files finished at Sat Dec 14 06:20:29 UTC 2024
--- Copying files at Sat Dec 14 09:01:30 UTC 2024
--- Copying files at Sat Dec 14 09:01:30 UTC 2024
--- Copied files finished at Sat Dec 14 09:01:30 UTC 2024
--- Copied files finished at Sat Dec 14 09:01:30 UTC 2024
--- Copying files at Sat Dec 14 09:31:24 UTC 2024
--- Copying files at Sat Dec 14 09:31:24 UTC 2024
--- Copied files finished at Sat Dec 14 09:31:24 UTC 2024
--- Copied files finished at Sat Dec 14 09:31:24 UTC 2024
--- Copying files at Sat Dec 14 09:42:09 UTC 2024
--- Copying files at Sat Dec 14 09:42:09 UTC 2024
--- Copied files finished at Sat Dec 14 09:42:09 UTC 2024
--- Copied files finished at Sat Dec 14 09:42:09 UTC 2024
--- Copying files at Sat Dec 14 09:46:11 UTC 2024
--- Copying files at Sat Dec 14 09:46:11 UTC 2024
--- Copied files finished at Sat Dec 14 09:46:11 UTC 2024
--- Copied files finished at Sat Dec 14 09:46:11 UTC 2024
--- Copying files at Sat Dec 14 09:49:14 UTC 2024
--- Copying files at Sat Dec 14 09:49:14 UTC 2024
--- Copied files finished at Sat Dec 14 09:49:14 UTC 2024
--- Copied files finished at Sat Dec 14 09:49:14 UTC 2024
